<?xml version="1.0" encoding="UTF-8"?>
<coverage generated="1774685701202" clover="3.2.0">
  <project timestamp="1774685701203" name="All files">
    <metrics statements="241" coveredstatements="241" conditionals="72" coveredconditionals="71" methods="30" coveredmethods="30" elements="343" coveredelements="342" complexity="0" loc="241" ncloc="241" packages="1" files="1" classes="1"/>
    <file name="collections.service.ts" path="C:\Users\magol\Desktop\MMS-Platform\src\services\collections\collections.service.ts">
      <metrics statements="241" coveredstatements="241" conditionals="72" coveredconditionals="71" methods="30" coveredmethods="30"/>
      <line num="1" count="2" type="stmt"/>
      <line num="3" count="2" type="stmt"/>
      <line num="4" count="2" type="stmt"/>
      <line num="5" count="2" type="stmt"/>
      <line num="6" count="2" type="stmt"/>
      <line num="7" count="2" type="stmt"/>
      <line num="8" count="2" type="stmt"/>
      <line num="29" count="2" type="stmt"/>
      <line num="30" count="2" type="stmt"/>
      <line num="31" count="2" type="cond" truecount="2" falsecount="0"/>
      <line num="37" count="2" type="stmt"/>
      <line num="38" count="2" type="stmt"/>
      <line num="41" count="2" type="stmt"/>
      <line num="42" count="103" type="stmt"/>
      <line num="46" count="2" type="stmt"/>
      <line num="47" count="4" type="stmt"/>
      <line num="51" count="2" type="stmt"/>
      <line num="52" count="97" type="stmt"/>
      <line num="63" count="2" type="stmt"/>
      <line num="68" count="19" type="stmt"/>
      <line num="69" count="19" type="stmt"/>
      <line num="71" count="19" type="stmt"/>
      <line num="72" count="19" type="cond" truecount="1" falsecount="1"/>
      <line num="73" count="19" type="cond" truecount="2" falsecount="0"/>
      <line num="74" count="19" type="stmt"/>
      <line num="76" count="19" type="stmt"/>
      <line num="77" count="19" type="stmt"/>
      <line num="87" count="2" type="stmt"/>
      <line num="88" count="26" type="cond" truecount="1" falsecount="0"/>
      <line num="89" count="22" type="cond" truecount="1" falsecount="0"/>
      <line num="90" count="19" type="cond" truecount="1" falsecount="0"/>
      <line num="91" count="7" type="stmt"/>
      <line num="98" count="5" type="cond" truecount="1" falsecount="0"/>
      <line num="99" count="4" type="cond" truecount="1" falsecount="0"/>
      <line num="100" count="3" type="cond" truecount="1" falsecount="0"/>
      <line num="101" count="1" type="stmt"/>
      <line num="111" count="2" type="stmt"/>
      <line num="115" count="5" type="stmt"/>
      <line num="116" count="5" type="cond" truecount="1" falsecount="0"/>
      <line num="117" count="1" type="stmt"/>
      <line num="120" count="4" type="stmt"/>
      <line num="121" count="4" type="stmt"/>
      <line num="123" count="4" type="stmt"/>
      <line num="124" count="4" type="stmt"/>
      <line num="125" count="4" type="stmt"/>
      <line num="127" count="4" type="stmt"/>
      <line num="138" count="3" type="stmt"/>
      <line num="140" count="3" type="stmt"/>
      <line num="155" count="3" type="stmt"/>
      <line num="157" count="3" type="stmt"/>
      <line num="158" count="3" type="stmt"/>
      <line num="164" count="1" type="stmt"/>
      <line num="165" count="1" type="stmt"/>
      <line num="167" count="4" type="stmt"/>
      <line num="178" count="2" type="stmt"/>
      <line num="179" count="15" type="cond" truecount="1" falsecount="0"/>
      <line num="180" count="12" type="cond" truecount="1" falsecount="0"/>
      <line num="181" count="7" type="cond" truecount="1" falsecount="0"/>
      <line num="182" count="2" type="stmt"/>
      <line num="188" count="2" type="stmt"/>
      <line num="189" count="9" type="stmt"/>
      <line num="190" count="9" type="cond" truecount="1" falsecount="0"/>
      <line num="191" count="1" type="stmt"/>
      <line num="194" count="8" type="stmt"/>
      <line num="195" count="8" type="cond" truecount="1" falsecount="0"/>
      <line num="196" count="1" type="stmt"/>
      <line num="199" count="7" type="stmt"/>
      <line num="200" count="7" type="cond" truecount="2" falsecount="0"/>
      <line num="202" count="7" type="cond" truecount="1" falsecount="0"/>
      <line num="203" count="1" type="stmt"/>
      <line num="206" count="6" type="stmt"/>
      <line num="212" count="6" type="stmt"/>
      <line num="213" count="6" type="stmt"/>
      <line num="214" count="6" type="stmt"/>
      <line num="216" count="6" type="stmt"/>
      <line num="217" count="5" type="stmt"/>
      <line num="225" count="5" type="cond" truecount="3" falsecount="0"/>
      <line num="226" count="3" type="stmt"/>
      <line num="227" count="3" type="stmt"/>
      <line num="230" count="5" type="stmt"/>
      <line num="232" count="5" type="stmt"/>
      <line num="253" count="5" type="stmt"/>
      <line num="255" count="5" type="stmt"/>
      <line num="256" count="5" type="stmt"/>
      <line num="265" count="1" type="stmt"/>
      <line num="266" count="1" type="stmt"/>
      <line num="268" count="6" type="stmt"/>
      <line num="276" count="5" type="cond" truecount="1" falsecount="0"/>
      <line num="277" count="4" type="cond" truecount="1" falsecount="0"/>
      <line num="278" count="1" type="stmt"/>
      <line num="288" count="2" type="stmt"/>
      <line num="289" count="8" type="stmt"/>
      <line num="290" count="8" type="cond" truecount="1" falsecount="0"/>
      <line num="291" count="1" type="stmt"/>
      <line num="293" count="7" type="cond" truecount="1" falsecount="0"/>
      <line num="294" count="1" type="stmt"/>
      <line num="300" count="6" type="stmt"/>
      <line num="302" count="6" type="stmt"/>
      <line num="303" count="6" type="stmt"/>
      <line num="304" count="6" type="stmt"/>
      <line num="306" count="6" type="cond" truecount="2" falsecount="0"/>
      <line num="307" count="6" type="stmt"/>
      <line num="319" count="6" type="stmt"/>
      <line num="321" count="5" type="stmt"/>
      <line num="323" count="5" type="cond" truecount="1" falsecount="0"/>
      <line num="324" count="4" type="stmt"/>
      <line num="327" count="5" type="stmt"/>
      <line num="341" count="5" type="stmt"/>
      <line num="343" count="5" type="cond" truecount="2" falsecount="0"/>
      <line num="344" count="5" type="stmt"/>
      <line num="345" count="5" type="stmt"/>
      <line num="351" count="1" type="stmt"/>
      <line num="352" count="1" type="stmt"/>
      <line num="354" count="6" type="stmt"/>
      <line num="365" count="2" type="stmt"/>
      <line num="370" count="4" type="stmt"/>
      <line num="371" count="4" type="cond" truecount="1" falsecount="0"/>
      <line num="372" count="1" type="stmt"/>
      <line num="374" count="3" type="cond" truecount="1" falsecount="0"/>
      <line num="375" count="1" type="stmt"/>
      <line num="381" count="2" type="stmt"/>
      <line num="382" count="2" type="stmt"/>
      <line num="383" count="2" type="stmt"/>
      <line num="384" count="2" type="stmt"/>
      <line num="386" count="2" type="stmt"/>
      <line num="398" count="1" type="stmt"/>
      <line num="400" count="1" type="stmt"/>
      <line num="415" count="1" type="stmt"/>
      <line num="417" count="1" type="stmt"/>
      <line num="419" count="1" type="stmt"/>
      <line num="420" count="1" type="stmt"/>
      <line num="422" count="2" type="stmt"/>
      <line num="433" count="2" type="stmt"/>
      <line num="438" count="6" type="stmt"/>
      <line num="439" count="6" type="cond" truecount="1" falsecount="0"/>
      <line num="440" count="1" type="stmt"/>
      <line num="442" count="5" type="cond" truecount="1" falsecount="0"/>
      <line num="443" count="1" type="stmt"/>
      <line num="449" count="4" type="cond" truecount="2" falsecount="0"/>
      <line num="450" count="4" type="stmt"/>
      <line num="452" count="4" type="stmt"/>
      <line num="453" count="4" type="stmt"/>
      <line num="454" count="4" type="stmt"/>
      <line num="456" count="4" type="stmt"/>
      <line num="458" count="3" type="stmt"/>
      <line num="468" count="3" type="stmt"/>
      <line num="470" count="3" type="stmt"/>
      <line num="472" count="1" type="stmt"/>
      <line num="473" count="1" type="stmt"/>
      <line num="475" count="4" type="stmt"/>
      <line num="482" count="2" type="stmt"/>
      <line num="487" count="7" type="stmt"/>
      <line num="488" count="7" type="cond" truecount="1" falsecount="0"/>
      <line num="489" count="1" type="stmt"/>
      <line num="492" count="6" type="cond" truecount="2" falsecount="0"/>
      <line num="493" count="6" type="cond" truecount="1" falsecount="0"/>
      <line num="494" count="2" type="stmt"/>
      <line num="500" count="4" type="stmt"/>
      <line num="502" count="4" type="stmt"/>
      <line num="503" count="4" type="stmt"/>
      <line num="504" count="4" type="stmt"/>
      <line num="506" count="4" type="stmt"/>
      <line num="508" count="3" type="cond" truecount="1" falsecount="0"/>
      <line num="509" count="1" type="stmt"/>
      <line num="512" count="3" type="stmt"/>
      <line num="522" count="3" type="stmt"/>
      <line num="524" count="3" type="stmt"/>
      <line num="526" count="1" type="stmt"/>
      <line num="527" count="1" type="stmt"/>
      <line num="529" count="4" type="stmt"/>
      <line num="536" count="2" type="stmt"/>
      <line num="537" count="5" type="stmt"/>
      <line num="538" count="5" type="cond" truecount="1" falsecount="0"/>
      <line num="539" count="1" type="stmt"/>
      <line num="541" count="4" type="cond" truecount="1" falsecount="0"/>
      <line num="542" count="1" type="stmt"/>
      <line num="548" count="3" type="stmt"/>
      <line num="549" count="3" type="stmt"/>
      <line num="550" count="3" type="stmt"/>
      <line num="552" count="3" type="stmt"/>
      <line num="554" count="2" type="stmt"/>
      <line num="561" count="2" type="stmt"/>
      <line num="571" count="2" type="stmt"/>
      <line num="573" count="2" type="stmt"/>
      <line num="575" count="1" type="stmt"/>
      <line num="576" count="1" type="stmt"/>
      <line num="578" count="3" type="stmt"/>
      <line num="589" count="2" type="stmt"/>
      <line num="592" count="9" type="cond" truecount="2" falsecount="0"/>
      <line num="593" count="9" type="cond" truecount="2" falsecount="0"/>
      <line num="595" count="9" type="stmt"/>
      <line num="600" count="9" type="stmt"/>
      <line num="602" count="9" type="stmt"/>
      <line num="604" count="9" type="stmt"/>
      <line num="633" count="6" type="stmt"/>
      <line num="661" count="9" type="stmt"/>
      <line num="676" count="2" type="stmt"/>
      <line num="677" count="10" type="stmt"/>
      <line num="678" count="10" type="cond" truecount="1" falsecount="0"/>
      <line num="679" count="1" type="stmt"/>
      <line num="682" count="9" type="stmt"/>
      <line num="688" count="9" type="stmt"/>
      <line num="689" count="9" type="stmt"/>
      <line num="690" count="9" type="stmt"/>
      <line num="692" count="9" type="stmt"/>
      <line num="731" count="9" type="stmt"/>
      <line num="755" count="9" type="stmt"/>
      <line num="780" count="9" type="cond" truecount="1" falsecount="0"/>
      <line num="781" count="5" type="stmt"/>
      <line num="792" count="4" type="stmt"/>
      <line num="793" count="4" type="stmt"/>
      <line num="794" count="4" type="stmt"/>
      <line num="795" count="4" type="cond" truecount="2" falsecount="0"/>
      <line num="797" count="1" type="stmt"/>
      <line num="799" count="4" type="stmt"/>
      <line num="800" count="4" type="cond" truecount="2" falsecount="0"/>
      <line num="802" count="1" type="stmt"/>
      <line num="805" count="4" type="stmt"/>
      <line num="823" count="2" type="stmt"/>
      <line num="824" count="5" type="stmt"/>
      <line num="825" count="5" type="stmt"/>
      <line num="827" count="3" type="stmt"/>
      <line num="828" count="3" type="stmt"/>
      <line num="829" count="3" type="stmt"/>
      <line num="837" count="2" type="cond" truecount="2" falsecount="0"/>
      <line num="838" count="2" type="stmt"/>
      <line num="847" count="2" type="cond" truecount="2" falsecount="0"/>
      <line num="848" count="2" type="stmt"/>
      <line num="862" count="2" type="stmt"/>
      <line num="863" count="2" type="stmt"/>
      <line num="869" count="2" type="stmt"/>
      <line num="870" count="1" type="stmt"/>
      <line num="878" count="16" type="cond" truecount="1" falsecount="0"/>
      <line num="879" count="11" type="stmt"/>
      <line num="883" count="11" type="stmt"/>
      <line num="885" count="5" type="stmt"/>
      <line num="892" count="5" type="cond" truecount="1" falsecount="0"/>
      <line num="893" count="4" type="stmt"/>
      <line num="897" count="4" type="stmt"/>
      <line num="899" count="1" type="stmt"/>
      <line num="914" count="25" type="stmt"/>
    </file>
  </project>
</coverage>
