{"C:\\Users\\magol\\Desktop\\MMS-Platform\\src\\services\\collections\\collections.service.ts": {"path":"C:\\Users\\magol\\Desktop\\MMS-Platform\\src\\services\\collections\\collections.service.ts","statementMap":{"0":{"start":{"line":41,"column":0},"end":{"line":41,"column":16}},"1":{"start":{"line":46,"column":0},"end":{"line":46,"column":16}},"2":{"start":{"line":51,"column":0},"end":{"line":51,"column":16}},"3":{"start":{"line":63,"column":0},"end":{"line":63,"column":16}},"4":{"start":{"line":87,"column":0},"end":{"line":87,"column":16}},"5":{"start":{"line":111,"column":0},"end":{"line":111,"column":7}},"6":{"start":{"line":178,"column":0},"end":{"line":178,"column":16}},"7":{"start":{"line":188,"column":0},"end":{"line":188,"column":7}},"8":{"start":{"line":288,"column":0},"end":{"line":288,"column":7}},"9":{"start":{"line":365,"column":0},"end":{"line":365,"column":7}},"10":{"start":{"line":433,"column":0},"end":{"line":433,"column":7}},"11":{"start":{"line":482,"column":0},"end":{"line":482,"column":7}},"12":{"start":{"line":536,"column":0},"end":{"line":536,"column":7}},"13":{"start":{"line":589,"column":0},"end":{"line":589,"column":7}},"14":{"start":{"line":676,"column":0},"end":{"line":676,"column":7}},"15":{"start":{"line":823,"column":0},"end":{"line":823,"column":7}},"16":{"start":{"line":862,"column":0},"end":{"line":862,"column":7}},"17":{"start":{"line":869,"column":0},"end":{"line":869,"column":7}},"18":{"start":{"line":1,"column":0},"end":{"line":1,"column":36}},"19":{"start":{"line":3,"column":0},"end":{"line":3,"column":71}},"20":{"start":{"line":4,"column":0},"end":{"line":4,"column":50}},"21":{"start":{"line":5,"column":0},"end":{"line":5,"column":45}},"22":{"start":{"line":6,"column":0},"end":{"line":6,"column":46}},"23":{"start":{"line":7,"column":0},"end":{"line":7,"column":49}},"24":{"start":{"line":8,"column":0},"end":{"line":8,"column":76}},"25":{"start":{"line":29,"column":35},"end":{"line":29,"column":42}},"26":{"start":{"line":30,"column":26},"end":{"line":30,"column":36}},"27":{"start":{"line":31,"column":27},"end":{"line":31,"column":84}},"28":{"start":{"line":37,"column":38},"end":{"line":37,"column":42}},"29":{"start":{"line":38,"column":43},"end":{"line":38,"column":47}},"30":{"start":{"line":42,"column":2},"end":{"line":42,"column":28}},"31":{"start":{"line":47,"column":2},"end":{"line":47,"column":27}},"32":{"start":{"line":52,"column":2},"end":{"line":52,"column":33}},"33":{"start":{"line":68,"column":13},"end":{"line":68,"column":30}},"34":{"start":{"line":69,"column":15},"end":{"line":69,"column":34}},"35":{"start":{"line":71,"column":20},"end":{"line":71,"column":47}},"36":{"start":{"line":72,"column":18},"end":{"line":72,"column":37}},"37":{"start":{"line":73,"column":19},"end":{"line":73,"column":66}},"38":{"start":{"line":74,"column":18},"end":{"line":74,"column":72}},"39":{"start":{"line":76,"column":18},"end":{"line":76,"column":59}},"40":{"start":{"line":77,"column":2},"end":{"line":77,"column":28}},"41":{"start":{"line":88,"column":2},"end":{"line":88,"column":33}},"42":{"start":{"line":88,"column":18},"end":{"line":88,"column":33}},"43":{"start":{"line":89,"column":2},"end":{"line":89,"column":34}},"44":{"start":{"line":89,"column":18},"end":{"line":89,"column":34}},"45":{"start":{"line":90,"column":2},"end":{"line":90,"column":36}},"46":{"start":{"line":90,"column":18},"end":{"line":90,"column":36}},"47":{"start":{"line":91,"column":2},"end":{"line":91,"column":16}},"48":{"start":{"line":98,"column":2},"end":{"line":98,"column":50}},"49":{"start":{"line":98,"column":18},"end":{"line":98,"column":50}},"50":{"start":{"line":99,"column":2},"end":{"line":99,"column":48}},"51":{"start":{"line":99,"column":18},"end":{"line":99,"column":48}},"52":{"start":{"line":100,"column":2},"end":{"line":100,"column":41}},"53":{"start":{"line":100,"column":18},"end":{"line":100,"column":41}},"54":{"start":{"line":101,"column":2},"end":{"line":101,"column":16}},"55":{"start":{"line":115,"column":18},"end":{"line":115,"column":63}},"56":{"start":{"line":116,"column":2},"end":{"line":118,"column":3}},"57":{"start":{"line":117,"column":4},"end":{"line":117,"column":50}},"58":{"start":{"line":120,"column":24},"end":{"line":120,"column":91}},"59":{"start":{"line":121,"column":23},"end":{"line":121,"column":31}},"60":{"start":{"line":123,"column":17},"end":{"line":123,"column":37}},"61":{"start":{"line":124,"column":2},"end":{"line":168,"column":3}},"62":{"start":{"line":125,"column":4},"end":{"line":125,"column":32}},"63":{"start":{"line":127,"column":4},"end":{"line":136,"column":7}},"64":{"start":{"line":138,"column":4},"end":{"line":138,"column":75}},"65":{"start":{"line":140,"column":4},"end":{"line":153,"column":6}},"66":{"start":{"line":155,"column":4},"end":{"line":155,"column":33}},"67":{"start":{"line":157,"column":4},"end":{"line":157,"column":67}},"68":{"start":{"line":158,"column":4},"end":{"line":162,"column":7}},"69":{"start":{"line":164,"column":4},"end":{"line":164,"column":35}},"70":{"start":{"line":165,"column":4},"end":{"line":165,"column":14}},"71":{"start":{"line":167,"column":4},"end":{"line":167,"column":21}},"72":{"start":{"line":179,"column":2},"end":{"line":179,"column":34}},"73":{"start":{"line":179,"column":25},"end":{"line":179,"column":34}},"74":{"start":{"line":180,"column":2},"end":{"line":180,"column":33}},"75":{"start":{"line":180,"column":24},"end":{"line":180,"column":33}},"76":{"start":{"line":181,"column":2},"end":{"line":181,"column":33}},"77":{"start":{"line":181,"column":24},"end":{"line":181,"column":33}},"78":{"start":{"line":182,"column":2},"end":{"line":182,"column":11}},"79":{"start":{"line":189,"column":18},"end":{"line":189,"column":63}},"80":{"start":{"line":190,"column":2},"end":{"line":192,"column":3}},"81":{"start":{"line":191,"column":4},"end":{"line":191,"column":50}},"82":{"start":{"line":194,"column":21},"end":{"line":194,"column":67}},"83":{"start":{"line":195,"column":2},"end":{"line":197,"column":3}},"84":{"start":{"line":196,"column":4},"end":{"line":196,"column":59}},"85":{"start":{"line":199,"column":19},"end":{"line":199,"column":56}},"86":{"start":{"line":200,"column":23},"end":{"line":200,"column":79}},"87":{"start":{"line":202,"column":2},"end":{"line":204,"column":3}},"88":{"start":{"line":203,"column":4},"end":{"line":203,"column":11}},"89":{"start":{"line":206,"column":30},"end":{"line":209,"column":null}},"90":{"start":{"line":212,"column":17},"end":{"line":212,"column":37}},"91":{"start":{"line":213,"column":2},"end":{"line":269,"column":3}},"92":{"start":{"line":214,"column":4},"end":{"line":214,"column":32}},"93":{"start":{"line":216,"column":4},"end":{"line":216,"column":89}},"94":{"start":{"line":217,"column":4},"end":{"line":223,"column":6}},"95":{"start":{"line":225,"column":4},"end":{"line":228,"column":5}},"96":{"start":{"line":226,"column":6},"end":{"line":226,"column":57}},"97":{"start":{"line":227,"column":6},"end":{"line":227,"column":73}},"98":{"start":{"line":230,"column":29},"end":{"line":230,"column":58}},"99":{"start":{"line":232,"column":4},"end":{"line":251,"column":6}},"100":{"start":{"line":253,"column":4},"end":{"line":253,"column":33}},"101":{"start":{"line":255,"column":4},"end":{"line":255,"column":73}},"102":{"start":{"line":256,"column":4},"end":{"line":263,"column":7}},"103":{"start":{"line":265,"column":4},"end":{"line":265,"column":35}},"104":{"start":{"line":266,"column":4},"end":{"line":266,"column":14}},"105":{"start":{"line":268,"column":4},"end":{"line":268,"column":21}},"106":{"start":{"line":276,"column":2},"end":{"line":276,"column":33}},"107":{"start":{"line":276,"column":18},"end":{"line":276,"column":33}},"108":{"start":{"line":277,"column":2},"end":{"line":277,"column":38}},"109":{"start":{"line":277,"column":18},"end":{"line":277,"column":38}},"110":{"start":{"line":278,"column":2},"end":{"line":278,"column":26}},"111":{"start":{"line":289,"column":18},"end":{"line":289,"column":69}},"112":{"start":{"line":290,"column":2},"end":{"line":292,"column":3}},"113":{"start":{"line":291,"column":4},"end":{"line":291,"column":56}},"114":{"start":{"line":293,"column":2},"end":{"line":298,"column":3}},"115":{"start":{"line":294,"column":4},"end":{"line":297,"column":6}},"116":{"start":{"line":300,"column":21},"end":{"line":300,"column":73}},"117":{"start":{"line":302,"column":17},"end":{"line":302,"column":37}},"118":{"start":{"line":303,"column":2},"end":{"line":355,"column":3}},"119":{"start":{"line":304,"column":4},"end":{"line":304,"column":32}},"120":{"start":{"line":306,"column":35},"end":{"line":306,"column":55}},"121":{"start":{"line":307,"column":4},"end":{"line":317,"column":6}},"122":{"start":{"line":319,"column":4},"end":{"line":319,"column":82}},"123":{"start":{"line":321,"column":4},"end":{"line":321,"column":89}},"124":{"start":{"line":323,"column":4},"end":{"line":325,"column":5}},"125":{"start":{"line":324,"column":6},"end":{"line":324,"column":72}},"126":{"start":{"line":327,"column":4},"end":{"line":339,"column":6}},"127":{"start":{"line":341,"column":4},"end":{"line":341,"column":33}},"128":{"start":{"line":343,"column":4},"end":{"line":343,"column":82}},"129":{"start":{"line":344,"column":4},"end":{"line":344,"column":50}},"130":{"start":{"line":345,"column":4},"end":{"line":349,"column":7}},"131":{"start":{"line":351,"column":4},"end":{"line":351,"column":35}},"132":{"start":{"line":352,"column":4},"end":{"line":352,"column":14}},"133":{"start":{"line":354,"column":4},"end":{"line":354,"column":21}},"134":{"start":{"line":370,"column":21},"end":{"line":370,"column":63}},"135":{"start":{"line":371,"column":2},"end":{"line":373,"column":3}},"136":{"start":{"line":372,"column":4},"end":{"line":372,"column":56}},"137":{"start":{"line":374,"column":2},"end":{"line":379,"column":3}},"138":{"start":{"line":375,"column":4},"end":{"line":378,"column":6}},"139":{"start":{"line":381,"column":20},"end":{"line":381,"column":43}},"140":{"start":{"line":382,"column":17},"end":{"line":382,"column":37}},"141":{"start":{"line":383,"column":2},"end":{"line":423,"column":3}},"142":{"start":{"line":384,"column":4},"end":{"line":384,"column":32}},"143":{"start":{"line":386,"column":4},"end":{"line":396,"column":6}},"144":{"start":{"line":398,"column":4},"end":{"line":398,"column":77}},"145":{"start":{"line":400,"column":4},"end":{"line":413,"column":6}},"146":{"start":{"line":415,"column":4},"end":{"line":415,"column":33}},"147":{"start":{"line":417,"column":4},"end":{"line":417,"column":80}},"148":{"start":{"line":419,"column":4},"end":{"line":419,"column":35}},"149":{"start":{"line":420,"column":4},"end":{"line":420,"column":14}},"150":{"start":{"line":422,"column":4},"end":{"line":422,"column":21}},"151":{"start":{"line":438,"column":21},"end":{"line":438,"column":63}},"152":{"start":{"line":439,"column":2},"end":{"line":441,"column":3}},"153":{"start":{"line":440,"column":4},"end":{"line":440,"column":56}},"154":{"start":{"line":442,"column":2},"end":{"line":447,"column":3}},"155":{"start":{"line":443,"column":4},"end":{"line":446,"column":6}},"156":{"start":{"line":449,"column":23},"end":{"line":449,"column":79}},"157":{"start":{"line":450,"column":19},"end":{"line":450,"column":48}},"158":{"start":{"line":452,"column":17},"end":{"line":452,"column":37}},"159":{"start":{"line":453,"column":2},"end":{"line":476,"column":3}},"160":{"start":{"line":454,"column":4},"end":{"line":454,"column":32}},"161":{"start":{"line":456,"column":4},"end":{"line":456,"column":66}},"162":{"start":{"line":458,"column":4},"end":{"line":466,"column":6}},"163":{"start":{"line":468,"column":4},"end":{"line":468,"column":33}},"164":{"start":{"line":470,"column":4},"end":{"line":470,"column":84}},"165":{"start":{"line":472,"column":4},"end":{"line":472,"column":35}},"166":{"start":{"line":473,"column":4},"end":{"line":473,"column":14}},"167":{"start":{"line":475,"column":4},"end":{"line":475,"column":21}},"168":{"start":{"line":487,"column":21},"end":{"line":487,"column":63}},"169":{"start":{"line":488,"column":2},"end":{"line":490,"column":3}},"170":{"start":{"line":489,"column":4},"end":{"line":489,"column":56}},"171":{"start":{"line":492,"column":23},"end":{"line":492,"column":79}},"172":{"start":{"line":493,"column":2},"end":{"line":498,"column":3}},"173":{"start":{"line":494,"column":4},"end":{"line":497,"column":6}},"174":{"start":{"line":500,"column":19},"end":{"line":500,"column":35}},"175":{"start":{"line":502,"column":17},"end":{"line":502,"column":37}},"176":{"start":{"line":503,"column":2},"end":{"line":530,"column":3}},"177":{"start":{"line":504,"column":4},"end":{"line":504,"column":32}},"178":{"start":{"line":506,"column":4},"end":{"line":506,"column":66}},"179":{"start":{"line":508,"column":4},"end":{"line":510,"column":5}},"180":{"start":{"line":509,"column":6},"end":{"line":509,"column":88}},"181":{"start":{"line":512,"column":4},"end":{"line":520,"column":6}},"182":{"start":{"line":522,"column":4},"end":{"line":522,"column":33}},"183":{"start":{"line":524,"column":4},"end":{"line":524,"column":86}},"184":{"start":{"line":526,"column":4},"end":{"line":526,"column":35}},"185":{"start":{"line":527,"column":4},"end":{"line":527,"column":14}},"186":{"start":{"line":529,"column":4},"end":{"line":529,"column":21}},"187":{"start":{"line":537,"column":21},"end":{"line":537,"column":63}},"188":{"start":{"line":538,"column":2},"end":{"line":540,"column":3}},"189":{"start":{"line":539,"column":4},"end":{"line":539,"column":56}},"190":{"start":{"line":541,"column":2},"end":{"line":546,"column":3}},"191":{"start":{"line":542,"column":4},"end":{"line":545,"column":6}},"192":{"start":{"line":548,"column":17},"end":{"line":548,"column":37}},"193":{"start":{"line":549,"column":2},"end":{"line":579,"column":3}},"194":{"start":{"line":550,"column":4},"end":{"line":550,"column":32}},"195":{"start":{"line":552,"column":4},"end":{"line":552,"column":59}},"196":{"start":{"line":554,"column":4},"end":{"line":559,"column":6}},"197":{"start":{"line":561,"column":4},"end":{"line":569,"column":6}},"198":{"start":{"line":571,"column":4},"end":{"line":571,"column":33}},"199":{"start":{"line":573,"column":4},"end":{"line":573,"column":83}},"200":{"start":{"line":575,"column":4},"end":{"line":575,"column":35}},"201":{"start":{"line":576,"column":4},"end":{"line":576,"column":14}},"202":{"start":{"line":578,"column":4},"end":{"line":578,"column":21}},"203":{"start":{"line":592,"column":15},"end":{"line":592,"column":32}},"204":{"start":{"line":593,"column":19},"end":{"line":593,"column":42}},"205":{"start":{"line":595,"column":35},"end":{"line":598,"column":4}},"206":{"start":{"line":600,"column":37},"end":{"line":600,"column":74}},"207":{"start":{"line":602,"column":23},"end":{"line":602,"column":56}},"208":{"start":{"line":604,"column":2},"end":{"line":611,"column":4}},"209":{"start":{"line":633,"column":2},"end":{"line":649,"column":4}},"210":{"start":{"line":661,"column":2},"end":{"line":666,"column":4}},"211":{"start":{"line":677,"column":17},"end":{"line":677,"column":61}},"212":{"start":{"line":678,"column":2},"end":{"line":680,"column":3}},"213":{"start":{"line":679,"column":4},"end":{"line":679,"column":56}},"214":{"start":{"line":682,"column":50},"end":{"line":686,"column":4}},"215":{"start":{"line":688,"column":25},"end":{"line":688,"column":61}},"216":{"start":{"line":689,"column":28},"end":{"line":689,"column":70}},"217":{"start":{"line":690,"column":23},"end":{"line":690,"column":54}},"218":{"start":{"line":692,"column":2},"end":{"line":714,"column":4}},"219":{"start":{"line":731,"column":2},"end":{"line":739,"column":6}},"220":{"start":{"line":731,"column":26},"end":{"line":739,"column":4}},"221":{"start":{"line":755,"column":2},"end":{"line":764,"column":6}},"222":{"start":{"line":755,"column":26},"end":{"line":764,"column":4}},"223":{"start":{"line":780,"column":2},"end":{"line":790,"column":3}},"224":{"start":{"line":781,"column":4},"end":{"line":789,"column":6}},"225":{"start":{"line":792,"column":14},"end":{"line":792,"column":16}},"226":{"start":{"line":793,"column":14},"end":{"line":793,"column":16}},"227":{"start":{"line":794,"column":2},"end":{"line":798,"column":3}},"228":{"start":{"line":795,"column":4},"end":{"line":795,"column":93}},"229":{"start":{"line":797,"column":4},"end":{"line":797,"column":15}},"230":{"start":{"line":799,"column":2},"end":{"line":803,"column":3}},"231":{"start":{"line":800,"column":4},"end":{"line":800,"column":93}},"232":{"start":{"line":802,"column":4},"end":{"line":802,"column":15}},"233":{"start":{"line":805,"column":2},"end":{"line":813,"column":4}},"234":{"start":{"line":824,"column":2},"end":{"line":852,"column":3}},"235":{"start":{"line":825,"column":21},"end":{"line":825,"column":59}},"236":{"start":{"line":827,"column":4},"end":{"line":845,"column":5}},"237":{"start":{"line":828,"column":6},"end":{"line":844,"column":7}},"238":{"start":{"line":829,"column":8},"end":{"line":835,"column":11}},"239":{"start":{"line":837,"column":20},"end":{"line":837,"column":66}},"240":{"start":{"line":838,"column":8},"end":{"line":843,"column":11}},"241":{"start":{"line":847,"column":16},"end":{"line":847,"column":62}},"242":{"start":{"line":848,"column":4},"end":{"line":851,"column":7}},"243":{"start":{"line":863,"column":2},"end":{"line":863,"column":47}},"244":{"start":{"line":870,"column":2},"end":{"line":870,"column":35}},"245":{"start":{"line":878,"column":2},"end":{"line":884,"column":3}},"246":{"start":{"line":879,"column":4},"end":{"line":882,"column":7}},"247":{"start":{"line":883,"column":4},"end":{"line":883,"column":11}},"248":{"start":{"line":885,"column":2},"end":{"line":888,"column":5}},"249":{"start":{"line":892,"column":2},"end":{"line":898,"column":3}},"250":{"start":{"line":893,"column":4},"end":{"line":896,"column":7}},"251":{"start":{"line":897,"column":4},"end":{"line":897,"column":11}},"252":{"start":{"line":899,"column":2},"end":{"line":906,"column":4}},"253":{"start":{"line":914,"column":2},"end":{"line":918,"column":5}}},"fnMap":{"0":{"name":"setNotificationQueue","decl":{"start":{"line":41,"column":16},"end":{"line":41,"column":36}},"loc":{"start":{"line":41,"column":49},"end":{"line":43,"column":1}}},"1":{"name":"getNotificationQueueRef","decl":{"start":{"line":46,"column":16},"end":{"line":46,"column":39}},"loc":{"start":{"line":46,"column":39},"end":{"line":48,"column":1}}},"2":{"name":"setFacilityRepaymentQueue","decl":{"start":{"line":51,"column":16},"end":{"line":51,"column":41}},"loc":{"start":{"line":51,"column":54},"end":{"line":53,"column":1}}},"3":{"name":"calculatePenalty","decl":{"start":{"line":63,"column":16},"end":{"line":63,"column":32}},"loc":{"start":{"line":66,"column":26},"end":{"line":78,"column":1}}},"4":{"name":"escalationLevelToLabel","decl":{"start":{"line":87,"column":16},"end":{"line":87,"column":38}},"loc":{"start":{"line":87,"column":52},"end":{"line":92,"column":1}}},"5":{"name":"escalationLevelName","decl":{"start":{"line":97,"column":9},"end":{"line":97,"column":28}},"loc":{"start":{"line":97,"column":42},"end":{"line":102,"column":1}}},"6":{"name":"processOverdueInvoice","decl":{"start":{"line":111,"column":22},"end":{"line":111,"column":43}},"loc":{"start":{"line":113,"column":22},"end":{"line":169,"column":1}}},"7":{"name":"determineEscalationLevel","decl":{"start":{"line":178,"column":16},"end":{"line":178,"column":40}},"loc":{"start":{"line":178,"column":60},"end":{"line":183,"column":1}}},"8":{"name":"processEscalation","decl":{"start":{"line":188,"column":22},"end":{"line":188,"column":39}},"loc":{"start":{"line":188,"column":78},"end":{"line":270,"column":1}}},"9":{"name":"getEscalationTarget","decl":{"start":{"line":275,"column":9},"end":{"line":275,"column":28}},"loc":{"start":{"line":275,"column":42},"end":{"line":279,"column":1}}},"10":{"name":"recordPaymentReceived","decl":{"start":{"line":288,"column":22},"end":{"line":288,"column":43}},"loc":{"start":{"line":288,"column":69},"end":{"line":356,"column":1}}},"11":{"name":"recordCollectionPayment","decl":{"start":{"line":365,"column":22},"end":{"line":365,"column":45}},"loc":{"start":{"line":368,"column":16},"end":{"line":424,"column":1}}},"12":{"name":"escalateCollection","decl":{"start":{"line":433,"column":22},"end":{"line":433,"column":40}},"loc":{"start":{"line":436,"column":16},"end":{"line":477,"column":1}}},"13":{"name":"deescalateCollection","decl":{"start":{"line":482,"column":22},"end":{"line":482,"column":42}},"loc":{"start":{"line":485,"column":16},"end":{"line":531,"column":1}}},"14":{"name":"resolveCollectionById","decl":{"start":{"line":536,"column":22},"end":{"line":536,"column":43}},"loc":{"start":{"line":536,"column":80},"end":{"line":580,"column":1}}},"15":{"name":"listCollections","decl":{"start":{"line":589,"column":22},"end":{"line":589,"column":37}},"loc":{"start":{"line":590,"column":32},"end":{"line":612,"column":1}}},"16":{"name":"transformListRow","decl":{"start":{"line":617,"column":9},"end":{"line":617,"column":25}},"loc":{"start":{"line":632,"column":1},"end":{"line":650,"column":1}}},"17":{"name":"transformSummaryStats","decl":{"start":{"line":655,"column":9},"end":{"line":655,"column":30}},"loc":{"start":{"line":660,"column":1},"end":{"line":667,"column":1}}},"18":{"name":"getCollectionDetail","decl":{"start":{"line":676,"column":22},"end":{"line":676,"column":41}},"loc":{"start":{"line":676,"column":62},"end":{"line":715,"column":1}}},"19":{"name":"transformPaymentHistory","decl":{"start":{"line":720,"column":9},"end":{"line":720,"column":32}},"loc":{"start":{"line":729,"column":5},"end":{"line":740,"column":1}}},"20":{"name":"(anonymous_29)","decl":{"start":{"line":731,"column":18},"end":{"line":731,"column":19}},"loc":{"start":{"line":731,"column":26},"end":{"line":739,"column":4}}},"21":{"name":"transformEscalationHistory","decl":{"start":{"line":745,"column":9},"end":{"line":745,"column":35}},"loc":{"start":{"line":753,"column":5},"end":{"line":765,"column":1}}},"22":{"name":"(anonymous_31)","decl":{"start":{"line":755,"column":18},"end":{"line":755,"column":19}},"loc":{"start":{"line":755,"column":26},"end":{"line":764,"column":4}}},"23":{"name":"transformBuyerContact","decl":{"start":{"line":770,"column":9},"end":{"line":770,"column":30}},"loc":{"start":{"line":778,"column":10},"end":{"line":814,"column":1}}},"24":{"name":"processReminders","decl":{"start":{"line":823,"column":22},"end":{"line":823,"column":38}},"loc":{"start":{"line":823,"column":38},"end":{"line":853,"column":1}}},"25":{"name":"getPenaltyByInvoiceId","decl":{"start":{"line":862,"column":22},"end":{"line":862,"column":43}},"loc":{"start":{"line":862,"column":61},"end":{"line":864,"column":1}}},"26":{"name":"getOverdueInvoices","decl":{"start":{"line":869,"column":22},"end":{"line":869,"column":40}},"loc":{"start":{"line":869,"column":40},"end":{"line":871,"column":1}}},"27":{"name":"queueNotification","decl":{"start":{"line":877,"column":15},"end":{"line":877,"column":32}},"loc":{"start":{"line":877,"column":79},"end":{"line":889,"column":1}}},"28":{"name":"queueFacilityRepayment","decl":{"start":{"line":891,"column":15},"end":{"line":891,"column":37}},"loc":{"start":{"line":891,"column":55},"end":{"line":907,"column":1}}},"29":{"name":"logCollectionEvent","decl":{"start":{"line":913,"column":9},"end":{"line":913,"column":27}},"loc":{"start":{"line":913,"column":83},"end":{"line":919,"column":1}}}},"branchMap":{"0":{"loc":{"start":{"line":31,"column":34},"end":{"line":31,"column":83}},"type":"binary-expr","locations":[{"start":{"line":31,"column":34},"end":{"line":31,"column":68}},{"start":{"line":31,"column":72},"end":{"line":31,"column":83}}]},"1":{"loc":{"start":{"line":72,"column":18},"end":{"line":72,"column":37}},"type":"binary-expr","locations":[{"start":{"line":72,"column":18},"end":{"line":72,"column":30}},{"start":{"line":72,"column":34},"end":{"line":72,"column":37}}]},"2":{"loc":{"start":{"line":73,"column":20},"end":{"line":73,"column":38}},"type":"binary-expr","locations":[{"start":{"line":73,"column":20},"end":{"line":73,"column":32}},{"start":{"line":73,"column":36},"end":{"line":73,"column":38}}]},"3":{"loc":{"start":{"line":88,"column":2},"end":{"line":88,"column":33}},"type":"if","locations":[{"start":{"line":88,"column":2},"end":{"line":88,"column":33}}]},"4":{"loc":{"start":{"line":89,"column":2},"end":{"line":89,"column":34}},"type":"if","locations":[{"start":{"line":89,"column":2},"end":{"line":89,"column":34}}]},"5":{"loc":{"start":{"line":90,"column":2},"end":{"line":90,"column":36}},"type":"if","locations":[{"start":{"line":90,"column":2},"end":{"line":90,"column":36}}]},"6":{"loc":{"start":{"line":98,"column":2},"end":{"line":98,"column":50}},"type":"if","locations":[{"start":{"line":98,"column":2},"end":{"line":98,"column":50}}]},"7":{"loc":{"start":{"line":99,"column":2},"end":{"line":99,"column":48}},"type":"if","locations":[{"start":{"line":99,"column":2},"end":{"line":99,"column":48}}]},"8":{"loc":{"start":{"line":100,"column":2},"end":{"line":100,"column":41}},"type":"if","locations":[{"start":{"line":100,"column":2},"end":{"line":100,"column":41}}]},"9":{"loc":{"start":{"line":116,"column":2},"end":{"line":118,"column":3}},"type":"if","locations":[{"start":{"line":116,"column":2},"end":{"line":118,"column":3}}]},"10":{"loc":{"start":{"line":179,"column":2},"end":{"line":179,"column":34}},"type":"if","locations":[{"start":{"line":179,"column":2},"end":{"line":179,"column":34}}]},"11":{"loc":{"start":{"line":180,"column":2},"end":{"line":180,"column":33}},"type":"if","locations":[{"start":{"line":180,"column":2},"end":{"line":180,"column":33}}]},"12":{"loc":{"start":{"line":181,"column":2},"end":{"line":181,"column":33}},"type":"if","locations":[{"start":{"line":181,"column":2},"end":{"line":181,"column":33}}]},"13":{"loc":{"start":{"line":190,"column":2},"end":{"line":192,"column":3}},"type":"if","locations":[{"start":{"line":190,"column":2},"end":{"line":192,"column":3}}]},"14":{"loc":{"start":{"line":195,"column":2},"end":{"line":197,"column":3}},"type":"if","locations":[{"start":{"line":195,"column":2},"end":{"line":197,"column":3}}]},"15":{"loc":{"start":{"line":200,"column":39},"end":{"line":200,"column":73}},"type":"binary-expr","locations":[{"start":{"line":200,"column":39},"end":{"line":200,"column":66}},{"start":{"line":200,"column":70},"end":{"line":200,"column":73}}]},"16":{"loc":{"start":{"line":202,"column":2},"end":{"line":204,"column":3}},"type":"if","locations":[{"start":{"line":202,"column":2},"end":{"line":204,"column":3}}]},"17":{"loc":{"start":{"line":225,"column":4},"end":{"line":228,"column":5}},"type":"if","locations":[{"start":{"line":225,"column":4},"end":{"line":228,"column":5}}]},"18":{"loc":{"start":{"line":225,"column":8},"end":{"line":225,"column":72}},"type":"binary-expr","locations":[{"start":{"line":225,"column":8},"end":{"line":225,"column":21}},{"start":{"line":225,"column":25},"end":{"line":225,"column":72}}]},"19":{"loc":{"start":{"line":249,"column":20},"end":{"line":249,"column":84}},"type":"binary-expr","locations":[{"start":{"line":249,"column":20},"end":{"line":249,"column":33}},{"start":{"line":249,"column":37},"end":{"line":249,"column":84}}]},"20":{"loc":{"start":{"line":276,"column":2},"end":{"line":276,"column":33}},"type":"if","locations":[{"start":{"line":276,"column":2},"end":{"line":276,"column":33}}]},"21":{"loc":{"start":{"line":277,"column":2},"end":{"line":277,"column":38}},"type":"if","locations":[{"start":{"line":277,"column":2},"end":{"line":277,"column":38}}]},"22":{"loc":{"start":{"line":290,"column":2},"end":{"line":292,"column":3}},"type":"if","locations":[{"start":{"line":290,"column":2},"end":{"line":292,"column":3}}]},"23":{"loc":{"start":{"line":293,"column":2},"end":{"line":298,"column":3}},"type":"if","locations":[{"start":{"line":293,"column":2},"end":{"line":298,"column":3}}]},"24":{"loc":{"start":{"line":306,"column":35},"end":{"line":306,"column":55}},"type":"binary-expr","locations":[{"start":{"line":306,"column":35},"end":{"line":306,"column":49}},{"start":{"line":306,"column":53},"end":{"line":306,"column":55}}]},"25":{"loc":{"start":{"line":323,"column":4},"end":{"line":325,"column":5}},"type":"if","locations":[{"start":{"line":323,"column":4},"end":{"line":325,"column":5}}]},"26":{"loc":{"start":{"line":343,"column":60},"end":{"line":343,"column":80}},"type":"binary-expr","locations":[{"start":{"line":343,"column":60},"end":{"line":343,"column":74}},{"start":{"line":343,"column":78},"end":{"line":343,"column":80}}]},"27":{"loc":{"start":{"line":371,"column":2},"end":{"line":373,"column":3}},"type":"if","locations":[{"start":{"line":371,"column":2},"end":{"line":373,"column":3}}]},"28":{"loc":{"start":{"line":374,"column":2},"end":{"line":379,"column":3}},"type":"if","locations":[{"start":{"line":374,"column":2},"end":{"line":379,"column":3}}]},"29":{"loc":{"start":{"line":439,"column":2},"end":{"line":441,"column":3}},"type":"if","locations":[{"start":{"line":439,"column":2},"end":{"line":441,"column":3}}]},"30":{"loc":{"start":{"line":442,"column":2},"end":{"line":447,"column":3}},"type":"if","locations":[{"start":{"line":442,"column":2},"end":{"line":447,"column":3}}]},"31":{"loc":{"start":{"line":449,"column":39},"end":{"line":449,"column":73}},"type":"binary-expr","locations":[{"start":{"line":449,"column":39},"end":{"line":449,"column":66}},{"start":{"line":449,"column":70},"end":{"line":449,"column":73}}]},"32":{"loc":{"start":{"line":488,"column":2},"end":{"line":490,"column":3}},"type":"if","locations":[{"start":{"line":488,"column":2},"end":{"line":490,"column":3}}]},"33":{"loc":{"start":{"line":492,"column":39},"end":{"line":492,"column":73}},"type":"binary-expr","locations":[{"start":{"line":492,"column":39},"end":{"line":492,"column":66}},{"start":{"line":492,"column":70},"end":{"line":492,"column":73}}]},"34":{"loc":{"start":{"line":493,"column":2},"end":{"line":498,"column":3}},"type":"if","locations":[{"start":{"line":493,"column":2},"end":{"line":498,"column":3}}]},"35":{"loc":{"start":{"line":508,"column":4},"end":{"line":510,"column":5}},"type":"if","locations":[{"start":{"line":508,"column":4},"end":{"line":510,"column":5}}]},"36":{"loc":{"start":{"line":538,"column":2},"end":{"line":540,"column":3}},"type":"if","locations":[{"start":{"line":538,"column":2},"end":{"line":540,"column":3}}]},"37":{"loc":{"start":{"line":541,"column":2},"end":{"line":546,"column":3}},"type":"if","locations":[{"start":{"line":541,"column":2},"end":{"line":546,"column":3}}]},"38":{"loc":{"start":{"line":558,"column":6},"end":{"line":558,"column":71}},"type":"cond-expr","locations":[{"start":{"line":558,"column":42},"end":{"line":558,"column":51}},{"start":{"line":558,"column":54},"end":{"line":558,"column":71}}]},"39":{"loc":{"start":{"line":592,"column":15},"end":{"line":592,"column":32}},"type":"binary-expr","locations":[{"start":{"line":592,"column":15},"end":{"line":592,"column":27}},{"start":{"line":592,"column":31},"end":{"line":592,"column":32}}]},"40":{"loc":{"start":{"line":593,"column":19},"end":{"line":593,"column":42}},"type":"binary-expr","locations":[{"start":{"line":593,"column":19},"end":{"line":593,"column":36}},{"start":{"line":593,"column":40},"end":{"line":593,"column":42}}]},"41":{"loc":{"start":{"line":647,"column":6},"end":{"line":647,"column":85}},"type":"cond-expr","locations":[{"start":{"line":647,"column":41},"end":{"line":647,"column":78}},{"start":{"line":647,"column":81},"end":{"line":647,"column":85}}]},"42":{"loc":{"start":{"line":648,"column":30},"end":{"line":648,"column":56}},"type":"binary-expr","locations":[{"start":{"line":648,"column":30},"end":{"line":648,"column":49}},{"start":{"line":648,"column":53},"end":{"line":648,"column":56}}]},"43":{"loc":{"start":{"line":678,"column":2},"end":{"line":680,"column":3}},"type":"if","locations":[{"start":{"line":678,"column":2},"end":{"line":680,"column":3}}]},"44":{"loc":{"start":{"line":701,"column":31},"end":{"line":701,"column":60}},"type":"binary-expr","locations":[{"start":{"line":701,"column":31},"end":{"line":701,"column":53}},{"start":{"line":701,"column":57},"end":{"line":701,"column":60}}]},"45":{"loc":{"start":{"line":780,"column":2},"end":{"line":790,"column":3}},"type":"if","locations":[{"start":{"line":780,"column":2},"end":{"line":790,"column":3}}]},"46":{"loc":{"start":{"line":795,"column":12},"end":{"line":795,"column":92}},"type":"cond-expr","locations":[{"start":{"line":795,"column":51},"end":{"line":795,"column":87}},{"start":{"line":795,"column":90},"end":{"line":795,"column":92}}]},"47":{"loc":{"start":{"line":800,"column":12},"end":{"line":800,"column":92}},"type":"cond-expr","locations":[{"start":{"line":800,"column":51},"end":{"line":800,"column":87}},{"start":{"line":800,"column":90},"end":{"line":800,"column":92}}]},"48":{"loc":{"start":{"line":837,"column":20},"end":{"line":837,"column":66}},"type":"cond-expr","locations":[{"start":{"line":837,"column":43},"end":{"line":837,"column":54}},{"start":{"line":837,"column":57},"end":{"line":837,"column":66}}]},"49":{"loc":{"start":{"line":847,"column":16},"end":{"line":847,"column":62}},"type":"cond-expr","locations":[{"start":{"line":847,"column":39},"end":{"line":847,"column":50}},{"start":{"line":847,"column":53},"end":{"line":847,"column":62}}]},"50":{"loc":{"start":{"line":878,"column":2},"end":{"line":884,"column":3}},"type":"if","locations":[{"start":{"line":878,"column":2},"end":{"line":884,"column":3}}]},"51":{"loc":{"start":{"line":892,"column":2},"end":{"line":898,"column":3}},"type":"if","locations":[{"start":{"line":892,"column":2},"end":{"line":898,"column":3}}]}},"s":{"0":2,"1":2,"2":2,"3":2,"4":2,"5":2,"6":2,"7":2,"8":2,"9":2,"10":2,"11":2,"12":2,"13":2,"14":2,"15":2,"16":2,"17":2,"18":2,"19":2,"20":2,"21":2,"22":2,"23":2,"24":2,"25":2,"26":2,"27":2,"28":2,"29":2,"30":103,"31":4,"32":97,"33":19,"34":19,"35":19,"36":19,"37":19,"38":19,"39":19,"40":19,"41":26,"42":4,"43":22,"44":3,"45":19,"46":12,"47":7,"48":5,"49":1,"50":4,"51":1,"52":3,"53":2,"54":1,"55":5,"56":5,"57":1,"58":4,"59":4,"60":4,"61":4,"62":4,"63":4,"64":3,"65":3,"66":3,"67":3,"68":3,"69":1,"70":1,"71":4,"72":15,"73":3,"74":12,"75":5,"76":7,"77":5,"78":2,"79":9,"80":9,"81":1,"82":8,"83":8,"84":1,"85":7,"86":7,"87":7,"88":1,"89":6,"90":6,"91":6,"92":6,"93":6,"94":5,"95":5,"96":3,"97":3,"98":5,"99":5,"100":5,"101":5,"102":5,"103":1,"104":1,"105":6,"106":5,"107":1,"108":4,"109":3,"110":1,"111":8,"112":8,"113":1,"114":7,"115":1,"116":6,"117":6,"118":6,"119":6,"120":6,"121":6,"122":6,"123":5,"124":5,"125":4,"126":5,"127":5,"128":5,"129":5,"130":5,"131":1,"132":1,"133":6,"134":4,"135":4,"136":1,"137":3,"138":1,"139":2,"140":2,"141":2,"142":2,"143":2,"144":1,"145":1,"146":1,"147":1,"148":1,"149":1,"150":2,"151":6,"152":6,"153":1,"154":5,"155":1,"156":4,"157":4,"158":4,"159":4,"160":4,"161":4,"162":3,"163":3,"164":3,"165":1,"166":1,"167":4,"168":7,"169":7,"170":1,"171":6,"172":6,"173":2,"174":4,"175":4,"176":4,"177":4,"178":4,"179":3,"180":1,"181":3,"182":3,"183":3,"184":1,"185":1,"186":4,"187":5,"188":5,"189":1,"190":4,"191":1,"192":3,"193":3,"194":3,"195":3,"196":2,"197":2,"198":2,"199":2,"200":1,"201":1,"202":3,"203":9,"204":9,"205":9,"206":9,"207":9,"208":9,"209":6,"210":9,"211":10,"212":10,"213":1,"214":9,"215":9,"216":9,"217":9,"218":9,"219":9,"220":2,"221":9,"222":5,"223":9,"224":5,"225":4,"226":4,"227":4,"228":4,"229":1,"230":4,"231":4,"232":1,"233":4,"234":5,"235":5,"236":3,"237":3,"238":3,"239":2,"240":2,"241":2,"242":2,"243":2,"244":1,"245":16,"246":11,"247":11,"248":5,"249":5,"250":4,"251":4,"252":1,"253":25},"f":{"0":103,"1":4,"2":97,"3":19,"4":26,"5":5,"6":5,"7":15,"8":9,"9":5,"10":8,"11":4,"12":6,"13":7,"14":5,"15":9,"16":6,"17":9,"18":10,"19":9,"20":2,"21":9,"22":5,"23":9,"24":5,"25":2,"26":1,"27":16,"28":5,"29":25},"b":{"0":[2,1],"1":[19,0],"2":[19,3],"3":[4],"4":[3],"5":[12],"6":[1],"7":[1],"8":[2],"9":[1],"10":[3],"11":[5],"12":[5],"13":[1],"14":[1],"15":[7,5],"16":[1],"17":[3],"18":[5,4],"19":[5,4],"20":[1],"21":[3],"22":[1],"23":[1],"24":[6,1],"25":[4],"26":[5,1],"27":[1],"28":[1],"29":[1],"30":[1],"31":[4,1],"32":[1],"33":[6,1],"34":[2],"35":[1],"36":[1],"37":[1],"38":[1,1],"39":[9,7],"40":[9,7],"41":[1,5],"42":[6,1],"43":[1],"44":[9,1],"45":[5],"46":[3,1],"47":[3,1],"48":[1,1],"49":[1,1],"50":[11],"51":[4]}}
}
