TN:
SF:src\services\collections\collections.service.ts
FN:41,setNotificationQueue
FN:46,getNotificationQueueRef
FN:51,setFacilityRepaymentQueue
FN:63,calculatePenalty
FN:87,escalationLevelToLabel
FN:97,escalationLevelName
FN:111,processOverdueInvoice
FN:178,determineEscalationLevel
FN:188,processEscalation
FN:275,getEscalationTarget
FN:288,recordPaymentReceived
FN:365,recordCollectionPayment
FN:433,escalateCollection
FN:482,deescalateCollection
FN:536,resolveCollectionById
FN:589,listCollections
FN:617,transformListRow
FN:655,transformSummaryStats
FN:676,getCollectionDetail
FN:720,transformPaymentHistory
FN:731,(anonymous_29)
FN:745,transformEscalationHistory
FN:755,(anonymous_31)
FN:770,transformBuyerContact
FN:823,processReminders
FN:862,getPenaltyByInvoiceId
FN:869,getOverdueInvoices
FN:877,queueNotification
FN:891,queueFacilityRepayment
FN:913,logCollectionEvent
FNF:30
FNH:30
FNDA:103,setNotificationQueue
FNDA:4,getNotificationQueueRef
FNDA:97,setFacilityRepaymentQueue
FNDA:19,calculatePenalty
FNDA:26,escalationLevelToLabel
FNDA:5,escalationLevelName
FNDA:5,processOverdueInvoice
FNDA:15,determineEscalationLevel
FNDA:9,processEscalation
FNDA:5,getEscalationTarget
FNDA:8,recordPaymentReceived
FNDA:4,recordCollectionPayment
FNDA:6,escalateCollection
FNDA:7,deescalateCollection
FNDA:5,resolveCollectionById
FNDA:9,listCollections
FNDA:6,transformListRow
FNDA:9,transformSummaryStats
FNDA:10,getCollectionDetail
FNDA:9,transformPaymentHistory
FNDA:2,(anonymous_29)
FNDA:9,transformEscalationHistory
FNDA:5,(anonymous_31)
FNDA:9,transformBuyerContact
FNDA:5,processReminders
FNDA:2,getPenaltyByInvoiceId
FNDA:1,getOverdueInvoices
FNDA:16,queueNotification
FNDA:5,queueFacilityRepayment
FNDA:25,logCollectionEvent
DA:1,2
DA:3,2
DA:4,2
DA:5,2
DA:6,2
DA:7,2
DA:8,2
DA:29,2
DA:30,2
DA:31,2
DA:37,2
DA:38,2
DA:41,2
DA:42,103
DA:46,2
DA:47,4
DA:51,2
DA:52,97
DA:63,2
DA:68,19
DA:69,19
DA:71,19
DA:72,19
DA:73,19
DA:74,19
DA:76,19
DA:77,19
DA:87,2
DA:88,26
DA:89,22
DA:90,19
DA:91,7
DA:98,5
DA:99,4
DA:100,3
DA:101,1
DA:111,2
DA:115,5
DA:116,5
DA:117,1
DA:120,4
DA:121,4
DA:123,4
DA:124,4
DA:125,4
DA:127,4
DA:138,3
DA:140,3
DA:155,3
DA:157,3
DA:158,3
DA:164,1
DA:165,1
DA:167,4
DA:178,2
DA:179,15
DA:180,12
DA:181,7
DA:182,2
DA:188,2
DA:189,9
DA:190,9
DA:191,1
DA:194,8
DA:195,8
DA:196,1
DA:199,7
DA:200,7
DA:202,7
DA:203,1
DA:206,6
DA:212,6
DA:213,6
DA:214,6
DA:216,6
DA:217,5
DA:225,5
DA:226,3
DA:227,3
DA:230,5
DA:232,5
DA:253,5
DA:255,5
DA:256,5
DA:265,1
DA:266,1
DA:268,6
DA:276,5
DA:277,4
DA:278,1
DA:288,2
DA:289,8
DA:290,8
DA:291,1
DA:293,7
DA:294,1
DA:300,6
DA:302,6
DA:303,6
DA:304,6
DA:306,6
DA:307,6
DA:319,6
DA:321,5
DA:323,5
DA:324,4
DA:327,5
DA:341,5
DA:343,5
DA:344,5
DA:345,5
DA:351,1
DA:352,1
DA:354,6
DA:365,2
DA:370,4
DA:371,4
DA:372,1
DA:374,3
DA:375,1
DA:381,2
DA:382,2
DA:383,2
DA:384,2
DA:386,2
DA:398,1
DA:400,1
DA:415,1
DA:417,1
DA:419,1
DA:420,1
DA:422,2
DA:433,2
DA:438,6
DA:439,6
DA:440,1
DA:442,5
DA:443,1
DA:449,4
DA:450,4
DA:452,4
DA:453,4
DA:454,4
DA:456,4
DA:458,3
DA:468,3
DA:470,3
DA:472,1
DA:473,1
DA:475,4
DA:482,2
DA:487,7
DA:488,7
DA:489,1
DA:492,6
DA:493,6
DA:494,2
DA:500,4
DA:502,4
DA:503,4
DA:504,4
DA:506,4
DA:508,3
DA:509,1
DA:512,3
DA:522,3
DA:524,3
DA:526,1
DA:527,1
DA:529,4
DA:536,2
DA:537,5
DA:538,5
DA:539,1
DA:541,4
DA:542,1
DA:548,3
DA:549,3
DA:550,3
DA:552,3
DA:554,2
DA:561,2
DA:571,2
DA:573,2
DA:575,1
DA:576,1
DA:578,3
DA:589,2
DA:592,9
DA:593,9
DA:595,9
DA:600,9
DA:602,9
DA:604,9
DA:633,6
DA:661,9
DA:676,2
DA:677,10
DA:678,10
DA:679,1
DA:682,9
DA:688,9
DA:689,9
DA:690,9
DA:692,9
DA:731,9
DA:755,9
DA:780,9
DA:781,5
DA:792,4
DA:793,4
DA:794,4
DA:795,4
DA:797,1
DA:799,4
DA:800,4
DA:802,1
DA:805,4
DA:823,2
DA:824,5
DA:825,5
DA:827,3
DA:828,3
DA:829,3
DA:837,2
DA:838,2
DA:847,2
DA:848,2
DA:862,2
DA:863,2
DA:869,2
DA:870,1
DA:878,16
DA:879,11
DA:883,11
DA:885,5
DA:892,5
DA:893,4
DA:897,4
DA:899,1
DA:914,25
LF:241
LH:241
BRDA:31,0,0,2
BRDA:31,0,1,1
BRDA:72,1,0,19
BRDA:72,1,1,0
BRDA:73,2,0,19
BRDA:73,2,1,3
BRDA:88,3,0,4
BRDA:89,4,0,3
BRDA:90,5,0,12
BRDA:98,6,0,1
BRDA:99,7,0,1
BRDA:100,8,0,2
BRDA:116,9,0,1
BRDA:179,10,0,3
BRDA:180,11,0,5
BRDA:181,12,0,5
BRDA:190,13,0,1
BRDA:195,14,0,1
BRDA:200,15,0,7
BRDA:200,15,1,5
BRDA:202,16,0,1
BRDA:225,17,0,3
BRDA:225,18,0,5
BRDA:225,18,1,4
BRDA:249,19,0,5
BRDA:249,19,1,4
BRDA:276,20,0,1
BRDA:277,21,0,3
BRDA:290,22,0,1
BRDA:293,23,0,1
BRDA:306,24,0,6
BRDA:306,24,1,1
BRDA:323,25,0,4
BRDA:343,26,0,5
BRDA:343,26,1,1
BRDA:371,27,0,1
BRDA:374,28,0,1
BRDA:439,29,0,1
BRDA:442,30,0,1
BRDA:449,31,0,4
BRDA:449,31,1,1
BRDA:488,32,0,1
BRDA:492,33,0,6
BRDA:492,33,1,1
BRDA:493,34,0,2
BRDA:508,35,0,1
BRDA:538,36,0,1
BRDA:541,37,0,1
BRDA:558,38,0,1
BRDA:558,38,1,1
BRDA:592,39,0,9
BRDA:592,39,1,7
BRDA:593,40,0,9
BRDA:593,40,1,7
BRDA:647,41,0,1
BRDA:647,41,1,5
BRDA:648,42,0,6
BRDA:648,42,1,1
BRDA:678,43,0,1
BRDA:701,44,0,9
BRDA:701,44,1,1
BRDA:780,45,0,5
BRDA:795,46,0,3
BRDA:795,46,1,1
BRDA:800,47,0,3
BRDA:800,47,1,1
BRDA:837,48,0,1
BRDA:837,48,1,1
BRDA:847,49,0,1
BRDA:847,49,1,1
BRDA:878,50,0,11
BRDA:892,51,0,4
BRF:72
BRH:71
end_of_record
